2024-01-18 00:54:27,367 INFO c.e.c.c.a.AuthController [http-nio-8080-exec-6] Received authentication request: admin@gmail.com
2024-01-18 01:00:26,719 INFO c.e.c.c.a.AuthController [http-nio-8080-exec-3] Received authentication request: admin@gmail.com
2024-01-18 01:01:18,426 INFO c.e.c.c.a.AuthController [http-nio-8080-exec-2] Received authentication request: admin@gmail.com
2024-01-18 01:01:51,502 INFO c.e.c.c.a.AuthController [http-nio-8080-exec-3] Received authentication request: admin@gmail.com
2024-01-18 01:02:30,880 INFO c.e.c.c.a.AuthController [http-nio-8080-exec-4] Received authentication request: user1@gmail.com
2024-01-18 01:09:08,272 INFO c.e.c.c.a.AuthController [http-nio-8080-exec-5] Received authentication request: user1@gmail.com
2024-01-18 01:09:39,617 INFO c.e.c.c.a.AuthController [http-nio-8080-exec-5] Received authentication request: admin@gmail.com
2024-01-18 01:32:14,924 INFO c.e.c.c.a.AuthController [http-nio-8080-exec-3] Received authentication request: admin@gmail.com
2024-01-18 09:07:34,121 INFO c.e.c.c.a.AuthController [http-nio-8080-exec-3] Received authentication request: admin@gmail.com
2024-01-18 09:09:36,402 INFO c.e.c.c.a.AuthController [http-nio-8080-exec-1] Received authentication request: admin@gmail.com
2024-01-18 09:20:36,855 INFO c.e.c.c.a.AuthController [http-nio-8080-exec-5] Received refresh token request: RefreshTokenRequest(token=eyJhbGciOiJIUzUxMiJ9.eyJzdWIiOiJhZG1pbkBnbWFpbC5jb20iLCJpYXQiOjE3MDU1NTQ3NDAsImV4cCI6MTcwNTU1ODMzNH0.t4f2_sM0lu_PAbUvYIsN5Q23ElLro2WDyKdG0E66qY82G7QpX9mEakxTTDpEk8NgjLzXBBgUY74i5x2pM3pgEg)
2024-01-18 09:20:42,114 INFO c.e.c.c.a.AuthController [http-nio-8080-exec-6] Received refresh token request: RefreshTokenRequest(token=eyJhbGciOiJIUzUxMiJ9.eyJzdWIiOiJhZG1pbkBnbWFpbC5jb20iLCJpYXQiOjE3MDU1NTQ3NDAsImV4cCI6MTcwNTU1ODMzNH0.t4f2_sM0lu_PAbUvYIsN5Q23ElLro2WDyKdG0E66qY82G7QpX9mEakxTTDpEk8NgjLzXBBgUY74i5x2pM3pgEg)
2024-01-18 09:21:52,489 INFO c.e.c.c.a.AuthController [http-nio-8080-exec-9] Received refresh token request: RefreshTokenRequest(token=eyJhbGciOiJIUzUxMiJ9.eyJzdWIiOiJhZG1pbkBnbWFpbC5jb20iLCJpYXQiOjE3MDU1MDQyMzEsImV4cCI6MTcwNTUwNzgzMX0.JTlAsAzbFdUmqrpNlzsLqnTLTQY_5zdeF2do2UNG-B6ijCzAwe5SzTC0_Y520ApASAzG7yLd1yUxQphwV7VTyw)
2024-01-18 09:22:49,558 INFO c.e.c.c.a.AuthController [http-nio-8080-exec-10] Received refresh token request: RefreshTokenRequest(token=eyJhbGciOiJIUzUxMiJ9.eyJzdWIiOiJhZG1pbkBnbWFpbC5jb20iLCJpYXQiOjE3MDU1NTQ3NDAsImV4cCI6MTcwNTU1ODMzNH0.t4f2_sM0lu_PAbUvYIsN5Q23ElLro2WDyKdG0E66qY82G7QpX9mEakxTTDpEk8NgjLzXBBgUY74i5x2pM3pgEg)
2024-01-18 09:22:59,956 INFO c.e.c.c.a.AuthController [http-nio-8080-exec-1] Received refresh token request: RefreshTokenRequest(token=eyJhbGciOiJIUzUxMiJ9.eyJzdWIiOiJhZG1pbkBnbWFpbC5jb20iLCJpYXQiOjE3MDU1NTQ3NDAsImV4cCI6MTcwNTU1ODMzNH0.t4f2_sM0lu_PAbUvYIsN5Q23ElLro2WDyKdG0E66qY82G7QpX9mEakxTTDpEk8NgjLzXBBgUY74i5x2pM3pgEg)
2024-01-18 09:23:20,052 INFO c.e.c.c.a.AuthController [http-nio-8080-exec-2] Received refresh token request: RefreshTokenRequest(token=eyJhbGciOiJIUzUxMiJ9.eyJzdWIiOiJhZG1pbkBnbWFpbC5jb20iLCJpYXQiOjE3MDU1NTQ4MDQsImV4cCI6MTcwNTY0MTE5OH0.gW5VcqICNR11IvQAhj9sytbvQDsHDGLhx2K2ePUcXwklIG6pCmTdLe8SXFh2pAjmsQcL8CwECUgDjLwntHhKhA)
2024-01-18 09:26:24,057 INFO c.e.c.c.a.AuthController [http-nio-8080-exec-3] Received refresh token request: RefreshTokenRequest(token=eyJhbGciOiJIUzUxMiJ9.eyJzdWIiOiJhZG1pbkBnbWFpbC5jb20iLCJpYXQiOjE3MDU1NTQ4MDQsImV4cCI6MTcwNTY0MTE5OH0.gW5VcqICNR11IvQAhj9sytbvQDsHDGLhx2K2ePUcXwklIG6pCmTdLe8SXFh2pAjmsQcL8CwECUgDjLwntHhKhA)
2024-01-18 11:22:19,100 INFO c.e.c.c.a.AuthController [http-nio-8080-exec-5] Received authentication request: admin@gmail.com
2024-01-18 11:24:05,241 INFO c.e.c.c.a.AuthController [http-nio-8080-exec-7] Received authentication request: satiyev2004@gmail.com
2024-01-18 11:27:16,119 INFO c.e.c.c.a.AuthController [http-nio-8080-exec-6] Received authentication request: admin@gmail.com
2024-01-18 11:27:33,107 INFO c.e.c.c.a.AuthController [http-nio-8080-exec-10] Received authentication request: satiyev2004@gmail.com
2024-01-18 11:30:10,947 INFO c.e.c.c.a.AuthController [http-nio-8080-exec-9] Received authentication request: admin@gmail.com
2024-01-18 11:33:18,352 INFO c.e.c.c.a.AuthController [http-nio-8080-exec-6] Received authentication request: satiyev2004@gmail.com
2024-01-18 11:38:11,352 INFO c.e.c.c.a.AuthController [http-nio-8080-exec-4] Received authentication request: xanov@gmail.com
2024-01-18 11:40:23,608 INFO c.e.c.c.a.AuthController [http-nio-8080-exec-4] Received authentication request: xanov@gmail.com
2024-01-18 11:44:43,806 INFO c.e.c.c.a.AuthController [http-nio-8080-exec-9] Received authentication request: xanov@gmail.com
2024-01-20 15:58:36,194 INFO c.e.c.c.a.AuthController [http-nio-8080-exec-3] Received authentication request: xanov@gmail.com
2024-01-20 15:58:50,586 INFO c.e.c.c.a.AuthController [http-nio-8080-exec-4] Received authentication request: admin@gmail.com
2024-01-20 16:32:03,429 INFO c.e.c.c.a.AuthController [http-nio-8080-exec-3] Received authentication request: user1@gmail.com
2024-01-20 16:37:12,649 INFO c.e.c.c.a.AuthController [http-nio-8080-exec-8] Received authentication request: xanov@gmail.com
2024-01-20 16:37:25,222 INFO c.e.c.c.a.AuthController [http-nio-8080-exec-9] Received authentication request: admin@gmail.com
2024-01-20 16:39:08,629 INFO c.e.c.c.a.AuthController [http-nio-8080-exec-2] Received authentication request: admin@gmail.com
2024-01-20 16:44:41,001 INFO c.e.c.c.a.AuthController [http-nio-8080-exec-2] Received authentication request: admin@gmail.com
2024-01-20 16:47:26,848 INFO c.e.c.c.a.AuthController [http-nio-8080-exec-2] Received authentication request: admin@gmail.com
2024-01-20 16:47:36,291 INFO c.e.c.c.a.AuthController [http-nio-8080-exec-3] Received authentication request: xanov@gmail.com
2024-01-20 16:47:57,978 INFO c.e.c.c.a.AuthController [http-nio-8080-exec-5] Received authentication request: xanov@gmail.com
2024-01-20 16:48:05,504 INFO c.e.c.c.a.AuthController [http-nio-8080-exec-4] Received authentication request: satiyev2004@gmail.com
2024-01-20 16:48:18,623 INFO c.e.c.c.a.AuthController [http-nio-8080-exec-7] Received authentication request: user1@gmail.com
2024-01-20 16:48:26,268 INFO c.e.c.c.a.AuthController [http-nio-8080-exec-8] Received authentication request: user1@gmail.com
2024-01-20 16:48:34,160 INFO c.e.c.c.a.AuthController [http-nio-8080-exec-6] Received authentication request: user1@gmail.com
2024-01-20 16:49:48,616 INFO c.e.c.c.a.AuthController [http-nio-8080-exec-1] Received authentication request: user1@gmail.com
2024-01-20 16:53:55,535 INFO c.e.c.c.a.AuthController [http-nio-8080-exec-6] Received authentication request: user1@gmail.com
2024-01-20 16:55:55,842 INFO c.e.c.c.a.AuthController [http-nio-8080-exec-1] Received authentication request: admin@gmail.com
2024-01-20 16:57:23,639 INFO c.e.c.c.a.AuthController [http-nio-8080-exec-6] Received authentication request: admin@gmail.com
2024-01-20 17:27:33,432 INFO c.e.c.c.a.AuthController [http-nio-8080-exec-8] Received authentication request: admin@gmail.com
2024-01-20 17:27:39,928 INFO c.e.c.c.a.AuthController [http-nio-8080-exec-9] Received authentication request: xanov@gmail.com
2024-01-20 17:28:08,458 INFO c.e.c.c.a.AuthController [http-nio-8080-exec-2] Received authentication request: xanov@gmail.com
2024-01-23 17:05:25,544 INFO c.e.c.c.a.AuthController [http-nio-8080-exec-1] Received authentication request: anov@gmail.com
2024-01-23 17:05:27,373 INFO c.e.c.c.a.AuthController [http-nio-8080-exec-4] Received authentication request: anov@gmail.com
2024-01-23 17:05:28,565 INFO c.e.c.c.a.AuthController [http-nio-8080-exec-2] Received authentication request: anov@gmail.com
2024-01-23 18:36:18,858 INFO c.e.c.c.a.AuthController [http-nio-8080-exec-8] Received authentication request: anov@gmail.com
2024-01-23 18:36:26,235 INFO c.e.c.c.a.AuthController [http-nio-8080-exec-9] Received authentication request: xanov@gmail.com
2024-01-23 18:38:57,719 INFO c.e.c.c.a.AuthController [http-nio-8080-exec-7] Received authentication request: xanov@gmail.com
2024-01-23 18:39:58,116 INFO c.e.c.c.a.AuthController [http-nio-8080-exec-1] Received authentication request: xanov@gmail.com
2024-01-23 18:41:04,734 INFO c.e.c.c.a.AuthController [http-nio-8080-exec-2] Received authentication request: xanov@gmail.com
2024-01-23 19:41:26,748 INFO c.e.c.c.a.AuthController [http-nio-8080-exec-1] Received authentication request: xanov@gmail.com
2024-01-23 20:05:50,042 INFO c.e.c.c.a.AuthController [http-nio-8080-exec-2] Received authentication request: xanov@gmail.com
2024-01-23 20:08:09,304 INFO c.e.c.c.a.AuthController [http-nio-8080-exec-10] Received authentication request: xanov@gmail.com
2024-01-24 06:16:15,240 INFO c.e.c.c.a.AuthController [http-nio-8080-exec-2] Received authentication request: xanov@gmail.com
2024-01-24 06:24:24,021 INFO c.e.c.c.a.AuthController [http-nio-8080-exec-5] Received authentication request: xanov@gmail.com
2024-01-24 06:46:15,916 INFO c.e.c.c.a.AuthController [http-nio-8080-exec-4] Received authentication request: xanov@gmail.com
2024-01-24 06:48:53,089 INFO c.e.c.c.a.AuthController [http-nio-8080-exec-7] Received authentication request: satiyev2004@gmail.com
2024-01-24 06:54:35,224 INFO c.e.c.c.a.AuthController [http-nio-8080-exec-2] Received authentication request: satiyev2004@gmail.com
2024-01-24 06:54:59,146 INFO c.e.c.c.a.AuthController [http-nio-8080-exec-3] Received authentication request: y@example.com
2024-01-24 06:55:15,668 INFO c.e.c.c.a.AuthController [http-nio-8080-exec-6] Received authentication request: satiyev2004@gmail.com
2024-01-24 06:56:01,835 INFO c.e.c.c.a.AuthController [http-nio-8080-exec-5] Received authentication request: xanov@gmail.com
2024-01-24 06:58:45,041 INFO c.e.c.c.a.AuthController [http-nio-8080-exec-3] Received authentication request: satiyev2004@gmail.com
2024-01-24 07:02:21,298 INFO c.e.c.c.a.AuthController [http-nio-8080-exec-2] Received authentication request: elxan@example.com
2024-01-24 07:04:04,224 INFO c.e.c.c.a.AuthController [http-nio-8080-exec-9] Received authentication request: xanov@gmail.com
2024-01-24 07:35:44,932 INFO c.e.c.c.a.AuthController [http-nio-8080-exec-2] Received authentication request: xanov@gmail.com
2024-01-24 07:37:03,849 INFO c.e.c.c.a.AuthController [http-nio-8080-exec-6] Received authentication request: satiyev2004@gmail.com
2024-01-24 07:38:20,164 INFO c.e.c.c.a.AuthController [http-nio-8080-exec-8] Received authentication request: xanov@gmail.com
2024-01-24 07:40:05,539 INFO c.e.c.c.a.AuthController [http-nio-8080-exec-3] Received authentication request: satiyev2004@gmail.com
2024-01-24 07:51:25,294 INFO c.e.c.c.a.AuthController [http-nio-8080-exec-10] Received authentication request: xanov@gmail.com
2024-01-24 07:53:23,903 INFO c.e.c.c.a.AuthController [http-nio-8080-exec-4] Received authentication request: satiyev2004@gmail.com
2024-01-24 17:57:01,723 INFO c.e.c.c.a.AuthController [http-nio-8080-exec-2] Received authentication request: xanov@gmail.com
2024-01-24 18:03:49,784 INFO c.e.c.c.a.AuthController [http-nio-8080-exec-3] Received authentication request: y@example.com
2024-01-24 18:07:57,656 INFO c.e.c.c.a.AuthController [http-nio-8080-exec-10] Received authentication request: y@example.com
2024-01-24 18:25:26,751 INFO c.e.c.c.a.AuthController [http-nio-8080-exec-3] Received authentication request: xanov@gmail.com
2024-01-24 18:25:38,443 INFO c.e.c.c.a.AuthController [http-nio-8080-exec-7] Received authentication request: xanov@gmail.com
2024-01-24 18:37:14,583 INFO c.e.c.c.a.AuthController [http-nio-8080-exec-6] Received authentication request: xanov@gmail.com
2024-01-24 18:43:07,822 INFO c.e.c.c.a.AuthController [http-nio-8080-exec-1] Received authentication request: xanov@gmail.com
2024-01-24 18:55:29,203 INFO c.e.c.c.a.AuthController [http-nio-8080-exec-3] Received authentication request: satiyev2004@gmail.com
2024-01-24 19:09:30,704 INFO c.e.c.c.a.AuthController [http-nio-8080-exec-1] Received authentication request: satiyev2004@gmail.com
2024-01-24 19:12:35,100 INFO c.e.c.c.a.AuthController [http-nio-8080-exec-3] Received authentication request: y@example.com
2024-01-24 19:13:11,474 INFO c.e.c.c.a.AuthController [http-nio-8080-exec-9] Received authentication request: y@example.com
2024-01-24 19:13:29,266 INFO c.e.c.c.a.AuthController [http-nio-8080-exec-2] Received authentication request: satiyev2004@gmail.com
2024-01-24 19:21:06,285 INFO c.e.c.c.a.AuthController [http-nio-8080-exec-10] Received authentication request: satiyev2004@gmail.com
2024-01-24 19:23:45,394 INFO c.e.c.c.a.AuthController [http-nio-8080-exec-10] Received authentication request: eltonstiyev6@gmail.com
2024-01-24 21:43:55,173 INFO c.e.c.c.a.AuthController [http-nio-8080-exec-9] Received authentication request: xanov@gmail.com
2024-01-24 22:06:24,341 INFO c.e.c.c.a.AuthController [http-nio-8080-exec-2] Received authentication request: satiyev2004@gmail.com
2024-01-25 00:29:34,591 INFO c.e.c.c.a.AuthController [http-nio-8080-exec-5] Received authentication request: xanov@gmail.com
2024-01-25 00:34:51,710 INFO c.e.c.c.a.AuthController [http-nio-8080-exec-7] Received authentication request: satiyev2004@gmail.com
2024-01-25 00:34:54,073 INFO c.e.c.c.a.AuthController [http-nio-8080-exec-6] Received authentication request: satiyev2004@gmail.com
2024-01-25 00:34:58,909 INFO c.e.c.c.a.AuthController [http-nio-8080-exec-9] Received authentication request: satiyev2004@gmail.com
2024-01-25 00:34:59,487 INFO c.e.c.c.a.AuthController [http-nio-8080-exec-8] Received authentication request: satiyev2004@gmail.com
2024-01-25 00:34:59,807 INFO c.e.c.c.a.AuthController [http-nio-8080-exec-10] Received authentication request: satiyev2004@gmail.com
2024-01-25 00:36:50,795 INFO c.e.c.c.a.AuthController [http-nio-8080-exec-5] Received authentication request: y@example.com
2024-01-25 00:36:55,062 INFO c.e.c.c.a.AuthController [http-nio-8080-exec-7] Received authentication request: y@example.com
2024-01-25 00:37:31,845 INFO c.e.c.c.a.AuthController [http-nio-8080-exec-6] Received authentication request: y@example.com
2024-01-25 00:57:36,071 INFO c.e.c.c.a.AuthController [http-nio-8080-exec-6] Received authentication request: y@example.com
2024-01-25 00:58:14,222 INFO c.e.c.c.a.AuthController [http-nio-8080-exec-5] Received authentication request: xanov@gmail.com
2024-01-25 01:32:41,414 INFO c.e.c.c.a.AuthController [http-nio-8080-exec-3] Received authentication request: elxan@example.com
2024-01-25 01:32:57,673 INFO c.e.c.c.a.AuthController [http-nio-8080-exec-5] Received authentication request: satiyev2004@gmail.com
2024-01-25 02:05:24,719 INFO c.e.c.c.a.AuthController [http-nio-8080-exec-5] Received authentication request: xanov@gmail.com
2024-01-25 02:19:37,108 INFO c.e.c.c.a.AuthController [http-nio-8080-exec-3] Received authentication request: xanov@gmail.com
2024-01-25 02:20:03,773 INFO c.e.c.c.a.AuthController [http-nio-8080-exec-2] Received authentication request: xanov@gmail.com
2024-01-25 02:29:51,565 INFO c.e.c.c.a.AuthController [http-nio-8080-exec-6] Received authentication request: xanov@gmail.com
2024-01-25 02:52:38,611 INFO c.e.c.c.a.AuthController [http-nio-8080-exec-3] Received authentication request: xanov@gmail.com
2024-01-25 03:13:20,818 INFO c.e.c.c.a.AuthController [http-nio-8080-exec-6] Received authentication request: xa
2024-01-25 03:13:49,111 INFO c.e.c.c.a.AuthController [http-nio-8080-exec-7] Received authentication request: xa
2024-01-25 03:13:52,940 INFO c.e.c.c.a.AuthController [http-nio-8080-exec-9] Received authentication request: xa
2024-01-25 03:13:55,128 INFO c.e.c.c.a.AuthController [http-nio-8080-exec-8] Received authentication request: xa
2024-01-25 03:14:07,379 INFO c.e.c.c.a.AuthController [http-nio-8080-exec-10] Received authentication request: xanov@gmail.com
2024-01-25 03:15:25,480 INFO c.e.c.c.a.AuthController [http-nio-8080-exec-9] Received authentication request: y@example.com
2024-01-25 03:15:30,789 INFO c.e.c.c.a.AuthController [http-nio-8080-exec-8] Received authentication request: y@example.com
2024-01-25 03:16:27,000 INFO c.e.c.c.a.AuthController [http-nio-8080-exec-6] Received authentication request: y@example.com
2024-01-25 03:16:32,398 INFO c.e.c.c.a.AuthController [http-nio-8080-exec-9] Received authentication request: y@example.com
2024-01-25 03:16:35,997 INFO c.e.c.c.a.AuthController [http-nio-8080-exec-8] Received authentication request: y@example.com
2024-01-25 03:16:40,133 INFO c.e.c.c.a.AuthController [http-nio-8080-exec-10] Received authentication request: y@example.com
2024-01-25 03:20:01,794 INFO c.e.c.c.a.AuthController [http-nio-8080-exec-7] Received authentication request: y@example.com
2024-01-25 03:20:46,425 INFO c.e.c.c.a.AuthController [http-nio-8080-exec-3] Received authentication request: y@example.com
2024-01-25 03:26:15,189 INFO c.e.c.c.a.AuthController [http-nio-8080-exec-8] Received authentication request: xanov@gmail.com
2024-01-25 03:27:40,969 INFO c.e.c.c.a.AuthController [http-nio-8080-exec-6] Received authentication request: y@example.com
2024-01-25 03:28:33,797 INFO c.e.c.c.a.AuthController [http-nio-8080-exec-5] Received authentication request: y@example.com
2024-01-25 03:29:10,163 INFO c.e.c.c.a.AuthController [http-nio-8080-exec-2] Received authentication request: y@example.com
2024-01-25 03:30:19,543 INFO c.e.c.c.a.AuthController [http-nio-8080-exec-5] Received authentication request: y@example.com
2024-01-25 03:32:41,657 INFO c.e.c.c.a.AuthController [http-nio-8080-exec-8] Received authentication request: y@example.com
2024-01-25 03:34:07,948 INFO c.e.c.c.a.AuthController [http-nio-8080-exec-1] Received authentication request: xanov@gmail.com
2024-01-25 03:35:09,970 INFO c.e.c.c.a.AuthController [http-nio-8080-exec-3] Received authentication request: xanov@gmail.com
2024-01-25 03:35:36,374 INFO c.e.c.c.a.AuthController [http-nio-8080-exec-9] Received authentication request: xanov@gmail.com
2024-01-25 03:36:24,812 INFO c.e.c.c.a.AuthController [http-nio-8080-exec-4] Received authentication request: y@example.com
2024-01-25 03:37:39,682 INFO c.e.c.c.a.AuthController [http-nio-8080-exec-6] Received authentication request: y@example.com
2024-01-25 03:38:58,326 INFO c.e.c.c.a.AuthController [http-nio-8080-exec-1] Received authentication request: y@example.com
2024-01-25 03:40:51,176 INFO c.e.c.c.a.AuthController [http-nio-8080-exec-7] Received authentication request: xanov@gmail.com
2024-01-25 03:49:53,675 INFO c.e.c.c.a.AuthController [http-nio-8080-exec-5] Received authentication request: xanov@gmail.com
2024-01-25 03:53:05,665 INFO c.e.c.c.a.AuthController [http-nio-8080-exec-1] Received authentication request: xanov@gmail.com
2024-01-25 03:54:51,586 INFO c.e.c.c.a.AuthController [http-nio-8080-exec-9] Received authentication request: elxan@example.com
2024-01-25 03:55:13,520 INFO c.e.c.c.a.AuthController [http-nio-8080-exec-10] Received authentication request: admin@example.com
2024-01-25 03:55:25,273 INFO c.e.c.c.a.AuthController [http-nio-8080-exec-2] Received authentication request: admin@gmail.com
2024-01-25 04:00:10,208 INFO c.e.c.c.a.AuthController [http-nio-8080-exec-1] Received authentication request: admin@gmail.com
2024-01-25 04:10:33,096 INFO c.e.c.c.a.AuthController [http-nio-8080-exec-2] Received authentication request: satiyev2004@gmail.com
2024-01-25 04:14:28,433 INFO c.e.c.c.a.AuthController [http-nio-8080-exec-6] Received authentication request: satiyev2004@gmail.com
2024-01-25 16:43:51,653 INFO c.e.c.c.a.AuthController [http-nio-8080-exec-10] Received authentication request: xanov@gmail.com
2024-01-25 17:55:11,648 INFO c.e.c.c.a.AuthController [http-nio-8080-exec-9] Received authentication request: xanov@gmail.com
2024-01-25 17:55:31,328 INFO c.e.c.c.a.AuthController [http-nio-8080-exec-5] Received authentication request: satiyev2004@gmail.com
2024-01-25 20:29:48,096 INFO c.e.c.c.a.AuthController [http-nio-8080-exec-4] Received authentication request: xanov@gmail.com
2024-01-25 20:29:53,986 INFO c.e.c.c.a.AuthController [http-nio-8080-exec-5] Received authentication request: xanov@gmail.com
2024-01-26 00:10:10,876 INFO c.e.c.c.a.AuthController [http-nio-8080-exec-4] Received authentication request: xanov@gmail.com
2024-01-26 00:24:49,155 INFO c.e.c.c.a.AuthController [http-nio-8080-exec-10] Received authentication request: xanov@gmail.com
2024-01-26 00:25:02,861 INFO c.e.c.c.a.AuthController [http-nio-8080-exec-6] Received authentication request: y@example.com
2024-01-26 01:13:49,335 INFO c.e.c.c.a.AuthController [http-nio-8080-exec-1] Received authentication request: y@example.com
2024-01-26 01:25:56,859 INFO c.e.c.c.a.AuthController [http-nio-8080-exec-2] Received authentication request: y@example.com
2024-01-26 01:34:26,088 INFO c.e.c.c.a.AuthController [http-nio-8080-exec-10] Received authentication request: y@example.com
2024-01-26 01:39:05,680 INFO c.e.c.c.a.AuthController [http-nio-8080-exec-9] Received authentication request: y@example.com
2024-01-26 01:52:15,519 INFO c.e.c.c.a.AuthController [http-nio-8080-exec-7] Received authentication request: y@example.com
2024-01-26 01:52:19,969 INFO c.e.c.c.a.AuthController [http-nio-8080-exec-9] Received authentication request: y@example.com
2024-01-26 01:53:36,611 INFO c.e.c.c.a.AuthController [http-nio-8080-exec-4] Received authentication request: y@example.com
2024-01-26 01:53:42,447 INFO c.e.c.c.a.AuthController [http-nio-8080-exec-10] Received authentication request: y@example.com
2024-01-26 01:53:45,170 INFO c.e.c.c.a.AuthController [http-nio-8080-exec-1] Received authentication request: y@example.com
2024-01-26 01:53:55,585 INFO c.e.c.c.a.AuthController [http-nio-8080-exec-3] Received authentication request: y@example.com
2024-01-26 01:55:21,245 INFO c.e.c.c.a.AuthController [http-nio-8080-exec-5] Received authentication request: y@example.com
2024-01-26 01:55:22,804 INFO c.e.c.c.a.AuthController [http-nio-8080-exec-8] Received authentication request: y@example.com
2024-01-26 01:56:57,450 INFO c.e.c.c.a.AuthController [http-nio-8080-exec-9] Received authentication request: y@example.com
2024-01-26 01:57:12,698 INFO c.e.c.c.a.AuthController [http-nio-8080-exec-6] Received authentication request: y@example.com
2024-01-26 01:57:22,468 INFO c.e.c.c.a.AuthController [http-nio-8080-exec-4] Received authentication request: xanov@gmail.com
2024-01-26 01:57:33,828 INFO c.e.c.c.a.AuthController [http-nio-8080-exec-3] Received authentication request: y@example.com
2024-01-26 01:58:54,234 INFO c.e.c.c.a.AuthController [http-nio-8080-exec-1] Received authentication request: y@example.com
2024-01-26 02:12:56,953 INFO c.e.c.c.a.AuthController [http-nio-8080-exec-3] Received authentication request: y@example.com
2024-01-26 02:14:18,854 INFO c.e.c.c.a.AuthController [http-nio-8080-exec-5] Received authentication request: y@example.com
2024-01-26 02:14:34,817 INFO c.e.c.c.a.AuthController [http-nio-8080-exec-6] Received authentication request: y@example.comdfsd
2024-01-26 02:14:51,509 INFO c.e.c.c.a.AuthController [http-nio-8080-exec-7] Received authentication request: y@example.com
2024-01-26 02:15:55,040 INFO c.e.c.c.a.AuthController [http-nio-8080-exec-9] Received authentication request: y@example.com
2024-01-26 02:17:55,502 INFO c.e.c.c.a.AuthController [http-nio-8080-exec-1] Received authentication request: y@example.com
2024-01-26 02:18:01,745 INFO c.e.c.c.a.AuthController [http-nio-8080-exec-2] Received authentication request: y@example.com
2024-01-26 02:32:14,381 INFO c.e.c.c.a.AuthController [http-nio-8080-exec-4] Received authentication request: y@example.com
2024-01-26 02:32:21,027 INFO c.e.c.c.a.AuthController [http-nio-8080-exec-5] Received authentication request: yusifov@example.com
2024-01-26 02:32:30,929 INFO c.e.c.c.a.AuthController [http-nio-8080-exec-6] Received authentication request: yusifov@example.com
2024-01-26 02:32:40,747 INFO c.e.c.c.a.AuthController [http-nio-8080-exec-7] Received authentication request: yusifov@example.com
2024-01-26 02:33:04,246 INFO c.e.c.c.a.AuthController [http-nio-8080-exec-9] Received authentication request: yusif@example.com
2024-01-26 02:33:09,010 INFO c.e.c.c.a.AuthController [http-nio-8080-exec-8] Received authentication request: yusif@example.com
2024-01-26 03:10:46,393 INFO c.e.c.c.a.AuthController [http-nio-8080-exec-2] Received authentication request: y@example.com
2024-01-26 03:10:54,595 INFO c.e.c.c.a.AuthController [http-nio-8080-exec-1] Received authentication request: yusif@example.com
2024-01-26 03:13:46,992 INFO c.e.c.c.a.AuthController [http-nio-8080-exec-7] Received authentication request: yusif@example.com
2024-01-26 03:28:14,111 INFO c.e.c.c.a.AuthController [http-nio-8080-exec-7] Received authentication request: xanov@gmail.com
2024-01-26 04:07:13,337 INFO c.e.c.c.a.AuthController [http-nio-8080-exec-5] Received authentication request: y@example.com
2024-01-26 04:07:13,900 INFO c.e.c.c.a.AuthController [http-nio-8080-exec-7] Received authentication request: y@example.com
2024-01-26 04:07:23,986 INFO c.e.c.c.a.AuthController [http-nio-8080-exec-8] Received authentication request: yusif@example.com
2024-01-26 04:08:51,332 INFO c.e.c.c.a.AuthController [http-nio-8080-exec-5] Received authentication request: xanov@gmail.com
2024-01-26 04:52:17,675 INFO c.e.c.c.a.AuthController [http-nio-8080-exec-2] Received authentication request: xanov@gmail.com
2024-01-26 04:53:31,541 INFO c.e.c.c.a.AuthController [http-nio-8080-exec-4] Received authentication request: yusif@gmail.com
2024-01-26 04:53:43,363 INFO c.e.c.c.a.AuthController [http-nio-8080-exec-7] Received authentication request: yusif@example.com
2024-01-26 04:54:28,677 INFO c.e.c.c.a.AuthController [http-nio-8080-exec-5] Received authentication request: yusif@example.com
2024-01-26 04:58:09,102 INFO c.e.c.c.a.AuthController [http-nio-8080-exec-4] Received authentication request: yusif@example.com
2024-01-26 05:31:49,130 INFO c.e.c.c.a.AuthController [http-nio-8080-exec-10] Received authentication request: xanov@gmail.com
2024-01-26 05:38:25,306 INFO c.e.c.c.a.AuthController [http-nio-8080-exec-10] Received authentication request: y@example.com
2024-01-26 05:38:37,499 INFO c.e.c.c.a.AuthController [http-nio-8080-exec-6] Received authentication request: yusif@example.com
2024-01-26 06:10:08,064 INFO c.e.c.c.a.AuthController [http-nio-8080-exec-5] Received authentication request: user11@gmail.com
2024-01-26 06:11:54,221 INFO c.e.c.c.a.AuthController [http-nio-8080-exec-4] Received authentication request: user11@gmail.com
2024-01-26 06:12:42,154 INFO c.e.c.c.a.AuthController [http-nio-8080-exec-2] Received authentication request: user11@gmail.com
2024-01-26 06:15:14,120 INFO c.e.c.c.a.AuthController [http-nio-8080-exec-3] Received authentication request: satiyev2004@gmail.com
2024-01-26 06:16:52,060 INFO c.e.c.c.a.AuthController [http-nio-8080-exec-2] Received authentication request: yusif@example.com
2024-01-26 06:18:20,167 INFO c.e.c.c.a.AuthController [http-nio-8080-exec-7] Received authentication request: xanov@gmail.com
2024-01-26 06:32:20,218 INFO c.e.c.c.a.AuthController [http-nio-8080-exec-6] Received authentication request: satiyev2004@gmail.com
2024-01-26 06:36:02,346 INFO c.e.c.c.a.AuthController [http-nio-8080-exec-2] Received authentication request: yusif@example.com
2024-01-26 06:36:44,381 INFO c.e.c.c.a.AuthController [http-nio-8080-exec-4] Received authentication request: satiyev2004@gmail.com
2024-01-26 06:37:21,735 INFO c.e.c.c.a.AuthController [http-nio-8080-exec-10] Received authentication request: yusif@example.com
